23:45:21: Creating resource group General
23:45:21: Creating resource group Internal
23:45:21: Creating resource group Autodetect
23:45:21: SceneManagerFactory for type 'DefaultSceneManager' registered.
23:45:21: Registering ResourceManager for type Material
23:45:21: Registering ResourceManager for type Mesh
23:45:21: Registering ResourceManager for type Skeleton
23:45:21: MovableObjectFactory for type 'ParticleSystem' registered.
23:45:21: OverlayElementFactory for type Panel registered.
23:45:21: OverlayElementFactory for type BorderPanel registered.
23:45:21: OverlayElementFactory for type TextArea registered.
23:45:21: Registering ResourceManager for type Font
23:45:21: ArchiveFactory for archive type FileSystem registered.
23:45:21: ArchiveFactory for archive type Zip registered.
23:45:21: DDS codec registering
23:45:21: FreeImage version: 3.15.1
23:45:21: This program uses FreeImage, a free, open source image library supporting all common bitmap formats. See http://freeimage.sourceforge.net for details
23:45:21: Supported formats: bmp,ico,jpg,jif,jpeg,jpe,jng,koa,iff,lbm,mng,pbm,pbm,pcd,pcx,pgm,pgm,png,ppm,ppm,ras,tga,targa,tif,tiff,wap,wbmp,wbm,psd,cut,xbm,xpm,gif,hdr,g3,sgi,exr,j2k,j2c,jp2,pfm,pct,pict,pic,3fr,arw,bay,bmq,cap,cine,cr2,crw,cs1,dc2,dcr,drf,dsc,dng,erf,fff,ia,iiq,k25,kc2,kdc,mdc,mef,mos,mrw,nef,nrw,orf,pef,ptx,pxn,qtk,raf,raw,rdc,rw2,rwl,rwz,sr2,srf,sti
23:45:21: Registering ResourceManager for type HighLevelGpuProgram
23:45:21: Registering ResourceManager for type Compositor
23:45:21: MovableObjectFactory for type 'Entity' registered.
23:45:21: MovableObjectFactory for type 'Light' registered.
23:45:21: MovableObjectFactory for type 'BillboardSet' registered.
23:45:21: MovableObjectFactory for type 'ManualObject' registered.
23:45:21: MovableObjectFactory for type 'BillboardChain' registered.
23:45:21: MovableObjectFactory for type 'RibbonTrail' registered.
23:45:21: OGRE EXCEPTION(6:FileNotFoundException): 'plugins.cfg' file not found! in ConfigFile::load at /tmp/buildd/ros-fuerte-visualization-common-1.8.4/debian/ros-fuerte-visualization-common/opt/ros/fuerte/stacks/visualization_common/ogre/build/ogre_src_v1-7-3/OgreMain/src/OgreConfigFile.cpp (line 83)
23:45:21: plugins.cfg not found, automatic plugin loading disabled.
23:45:21: *-*-* OGRE Initialising
23:45:21: *-*-* Version 1.7.3 (Cthugha)
23:45:21: Loading library RenderSystem_GL
23:45:21: Installing plugin: GL RenderSystem
23:45:21: OpenGL Rendering Subsystem created.
23:45:21: Plugin successfully installed
23:45:21: Loading library Plugin_OctreeSceneManager
23:45:21: Installing plugin: Octree & Terrain Scene Manager
23:45:21: Plugin successfully installed
23:45:21: Loading library Plugin_ParticleFX
23:45:21: Installing plugin: ParticleFX
23:45:21: Particle Emitter Type 'Point' registered
23:45:21: Particle Emitter Type 'Box' registered
23:45:21: Particle Emitter Type 'Ellipsoid' registered
23:45:21: Particle Emitter Type 'Cylinder' registered
23:45:21: Particle Emitter Type 'Ring' registered
23:45:21: Particle Emitter Type 'HollowEllipsoid' registered
23:45:21: Particle Affector Type 'LinearForce' registered
23:45:21: Particle Affector Type 'ColourFader' registered
23:45:21: Particle Affector Type 'ColourFader2' registered
23:45:21: Particle Affector Type 'ColourImage' registered
23:45:21: Particle Affector Type 'ColourInterpolator' registered
23:45:21: Particle Affector Type 'Scaler' registered
23:45:21: Particle Affector Type 'Rotator' registered
23:45:21: Particle Affector Type 'DirectionRandomiser' registered
23:45:21: Particle Affector Type 'DeflectorPlane' registered
23:45:21: Plugin successfully installed
23:45:21: Loading library Plugin_CgProgramManager
23:45:21: Installing plugin: Cg Program Manager
23:45:21: Plugin successfully installed
23:45:21: CPU Identifier & Features
23:45:21: -------------------------
23:45:21:  *   CPU ID: GenuineIntel: Intel(R) Core(TM)2 Quad CPU    Q9550  @ 2.83GHz
23:45:21:  *      SSE: yes
23:45:21:  *     SSE2: yes
23:45:21:  *     SSE3: yes
23:45:21:  *      MMX: yes
23:45:21:  *   MMXEXT: yes
23:45:21:  *    3DNOW: no
23:45:21:  * 3DNOWEXT: no
23:45:21:  *     CMOV: yes
23:45:21:  *      TSC: yes
23:45:21:  *      FPU: yes
23:45:21:  *      PRO: yes
23:45:21:  *       HT: no
23:45:21: -------------------------
23:45:21: ******************************
*** Starting GLX Subsystem ***
******************************
23:45:21: Creating resource group rviz
23:45:21: Added resource location '/opt/ros/fuerte/stacks/visualization/rviz/ogre_media' of type 'FileSystem' to resource group 'rviz'
23:45:21: Added resource location '/opt/ros/fuerte/stacks/visualization/rviz/ogre_media/textures' of type 'FileSystem' to resource group 'rviz'
23:45:21: Added resource location '/opt/ros/fuerte/stacks/visualization/rviz/ogre_media/fonts' of type 'FileSystem' to resource group 'rviz'
23:45:21: Added resource location '/opt/ros/fuerte/stacks/visualization/rviz/ogre_media/models' of type 'FileSystem' to resource group 'rviz'
23:45:21: Added resource location '/opt/ros/fuerte/stacks/visualization/rviz/ogre_media/materials' of type 'FileSystem' to resource group 'rviz'
23:45:21: Added resource location '/opt/ros/fuerte/stacks/visualization/rviz/ogre_media/materials/scripts' of type 'FileSystem' to resource group 'rviz'
23:45:21: Added resource location '/opt/ros/fuerte/stacks/visualization/rviz/ogre_media/materials/programs' of type 'FileSystem' to resource group 'rviz'
23:45:21: GLRenderSystem::_createRenderWindow "OgreWindow(0)", 1x1 windowed  miscParams: externalGLControl= macAPI=carbon parentWindowHandle=83886081 
23:45:21: GLXWindow::create used FBConfigID = 246
23:45:21: GL_VERSION = 2.1 Mesa 8.0.2
23:45:21: GL_VENDOR = nouveau
23:45:21: GL_RENDERER = Gallium 0.4 on NV86
23:45:21: GL_EXTENSIONS = GL_ARB_multisample GL_EXT_abgr GL_EXT_bgra GL_EXT_blend_color GL_EXT_blend_minmax GL_EXT_blend_subtract GL_EXT_copy_texture GL_EXT_polygon_offset GL_EXT_subtexture GL_EXT_texture_object GL_EXT_vertex_array GL_EXT_compiled_vertex_array GL_EXT_texture GL_EXT_texture3D GL_IBM_rasterpos_clip GL_ARB_point_parameters GL_EXT_draw_range_elements GL_EXT_packed_pixels GL_EXT_point_parameters GL_EXT_rescale_normal GL_EXT_separate_specular_color GL_EXT_texture_edge_clamp GL_SGIS_generate_mipmap GL_SGIS_texture_border_clamp GL_SGIS_texture_edge_clamp GL_SGIS_texture_lod GL_ARB_framebuffer_sRGB GL_ARB_multitexture GL_EXT_framebuffer_sRGB GL_IBM_multimode_draw_arrays GL_IBM_texture_mirrored_repeat GL_ARB_texture_cube_map GL_ARB_texture_env_add GL_ARB_transpose_matrix GL_EXT_blend_func_separate GL_EXT_fog_coord GL_EXT_multi_draw_arrays GL_EXT_secondary_color GL_EXT_texture_env_add GL_EXT_texture_filter_anisotropic GL_EXT_texture_lod_bias GL_INGR_blend_func_separate GL_NV_blend_square GL_NV_light_max_exponent GL_NV_texgen_reflection GL_NV_texture_env_combine4 GL_SUN_multi_draw_arrays GL_ARB_texture_border_clamp GL_ARB_texture_compression GL_EXT_framebuffer_object GL_EXT_texture_env_combine GL_EXT_texture_env_dot3 GL_MESA_window_pos GL_NV_packed_depth_stencil GL_NV_texture_rectangle GL_ARB_depth_texture GL_ARB_occlusion_query GL_ARB_shadow GL_ARB_texture_env_combine GL_ARB_texture_env_crossbar GL_ARB_texture_env_dot3 GL_ARB_texture_mirrored_repeat GL_ARB_window_pos GL_EXT_stencil_two_side GL_EXT_texture_cube_map GL_NV_depth_clamp GL_NV_fog_distance GL_APPLE_packed_pixels GL_APPLE_vertex_array_object GL_ARB_draw_buffers GL_ARB_fragment_program GL_ARB_fragment_shader GL_ARB_shader_objects GL_ARB_vertex_program GL_ARB_vertex_shader GL_ATI_draw_buffers GL_ATI_texture_env_combine3 GL_ATI_texture_float GL_EXT_shadow_funcs GL_EXT_stencil_wrap GL_MESA_pack_invert GL_NV_primitive_restart GL_ARB_depth_clamp GL_ARB_fragment_program_shadow GL_ARB_half_float_pixel GL_ARB_occlusion_query2 GL_ARB_point_sprite GL_ARB_shading_language_100 GL_ARB_sync GL_ARB_texture_non_power_of_two GL_ARB_vertex_buffer_object GL_ATI_blend_equation_separate GL_EXT_blend_equation_separate GL_OES_read_format GL_ARB_color_buffer_float GL_ARB_pixel_buffer_object GL_ARB_texture_compression_rgtc GL_ARB_texture_float GL_ARB_texture_rectangle GL_ATI_texture_compression_3dc GL_EXT_packed_float GL_EXT_pixel_buffer_object GL_EXT_texture_compression_rgtc GL_EXT_texture_mirror_clamp GL_EXT_texture_rectangle GL_EXT_texture_sRGB GL_EXT_texture_shared_exponent GL_ARB_framebuffer_object GL_EXT_framebuffer_blit GL_EXT_framebuffer_multisample GL_EXT_packed_depth_stencil GL_ARB_vertex_array_object GL_ATI_separate_stencil GL_ATI_texture_mirror_once GL_EXT_draw_buffers2 GL_EXT_draw_instanced GL_EXT_gpu_program_parameters GL_EXT_texture_compression_latc GL_EXT_texture_sRGB_decode GL_EXT_timer_query GL_OES_EGL_image GL_ARB_copy_buffer GL_ARB_depth_buffer_float GL_ARB_draw_instanced GL_ARB_half_float_vertex GL_ARB_instanced_arrays GL_ARB_map_buffer_range GL_ARB_texture_rg GL_ARB_texture_swizzle GL_ARB_vertex_array_bgra GL_EXT_separate_shader_objects GL_EXT_texture_swizzle GL_EXT_vertex_array_bgra GL_NV_conditional_render GL_ARB_ES2_compatibility GL_ARB_draw_elements_base_vertex GL_ARB_explicit_attrib_location GL_ARB_fragment_coord_conventions GL_ARB_provoking_vertex GL_ARB_sampler_objects GL_ARB_shader_texture_lod GL_EXT_provoking_vertex GL_EXT_texture_snorm GL_MESA_texture_signed_rgba GL_NV_texture_barrier GL_ARB_robustness GL_ARB_texture_storage 
23:45:21: Supported GLX extensions: GLX_ARB_get_proc_address GLX_ARB_multisample GLX_EXT_import_context GLX_EXT_visual_info GLX_EXT_visual_rating GLX_MESA_copy_sub_buffer GLX_MESA_multithread_makecurrent GLX_MESA_swap_control GLX_OML_swap_method GLX_OML_sync_control GLX_SGI_make_current_read GLX_SGI_swap_control GLX_SGI_video_sync GLX_SGIS_multisample GLX_SGIX_fbconfig GLX_SGIX_pbuffer GLX_SGIX_visual_select_group GLX_EXT_texture_from_pixmap 
23:45:21: ***************************
23:45:21: *** GL Renderer Started ***
23:45:21: ***************************
23:45:21: Registering ResourceManager for type GpuProgram
23:45:21: GLSL support detected
23:45:21: GL: Using GL_EXT_framebuffer_object for rendering to textures (best)
23:45:21: FBO PF_UNKNOWN depth/stencil support: D0S1 D0S4 D0S8 D0S16 D16S0 D24S0 D32S0 Packed-D24S8 
23:45:21: FBO PF_L8 depth/stencil support: D0S0 D0S1 D0S4 D0S8 D0S16 D16S0 D24S0 D32S0 Packed-D24S8 
23:45:21: FBO PF_L16 depth/stencil support: D0S0 D0S1 D0S4 D0S8 D0S16 D16S0 D24S0 D32S0 Packed-D24S8 
23:45:21: FBO PF_A8 depth/stencil support: D0S0 D0S1 D0S4 D0S8 D0S16 D16S0 D24S0 D32S0 Packed-D24S8 
23:45:21: FBO PF_A1R5G5B5 depth/stencil support: D0S0 D0S1 D0S4 D0S8 D0S16 D16S0 D24S0 D32S0 Packed-D24S8 
23:45:21: FBO PF_R8G8B8 depth/stencil support: D0S0 D0S1 D0S4 D0S8 D0S16 D16S0 D24S0 D32S0 Packed-D24S8 
23:45:21: FBO PF_B8G8R8 depth/stencil support: D0S0 D0S1 D0S4 D0S8 D0S16 D16S0 D24S0 D32S0 Packed-D24S8 
23:45:21: FBO PF_A8R8G8B8 depth/stencil support: D0S0 D0S1 D0S4 D0S8 D0S16 D16S0 D24S0 D32S0 Packed-D24S8 
23:45:21: FBO PF_B8G8R8A8 depth/stencil support: D0S0 D0S1 D0S4 D0S8 D0S16 D16S0 D24S0 D32S0 Packed-D24S8 
23:45:21: FBO PF_A2R10G10B10 depth/stencil support: D0S0 D0S1 D0S4 D0S8 D0S16 D16S0 D24S0 D32S0 Packed-D24S8 
23:45:21: FBO PF_A2B10G10R10 depth/stencil support: D0S0 D0S1 D0S4 D0S8 D0S16 D16S0 D24S0 D32S0 Packed-D24S8 
23:45:21: FBO PF_FLOAT16_RGB depth/stencil support: D0S0 D0S1 D0S4 D0S8 D0S16 D16S0 D24S0 D32S0 Packed-D24S8 
23:45:21: FBO PF_FLOAT16_RGBA depth/stencil support: D0S0 D0S1 D0S4 D0S8 D0S16 D16S0 D24S0 D32S0 Packed-D24S8 
23:45:21: FBO PF_FLOAT32_RGB depth/stencil support: D0S0 D0S1 D0S4 D0S8 D0S16 D16S0 D24S0 D32S0 Packed-D24S8 
23:45:21: FBO PF_FLOAT32_RGBA depth/stencil support: D0S0 D0S1 D0S4 D0S8 D0S16 D16S0 D24S0 D32S0 Packed-D24S8 
23:45:21: FBO PF_X8R8G8B8 depth/stencil support: D0S0 D0S1 D0S4 D0S8 D0S16 D16S0 D24S0 D32S0 Packed-D24S8 
23:45:21: FBO PF_X8B8G8R8 depth/stencil support: D0S0 D0S1 D0S4 D0S8 D0S16 D16S0 D24S0 D32S0 Packed-D24S8 
23:45:21: FBO PF_SHORT_RGBA depth/stencil support: D0S0 D0S1 D0S4 D0S8 D0S16 D16S0 D24S0 D32S0 Packed-D24S8 
23:45:21: FBO PF_FLOAT16_R depth/stencil support: D0S0 D0S1 D0S4 D0S8 D0S16 D16S0 D24S0 D32S0 Packed-D24S8 
23:45:21: FBO PF_FLOAT32_R depth/stencil support: D0S0 D0S1 D0S4 D0S8 D0S16 D16S0 D24S0 D32S0 Packed-D24S8 
23:45:21: FBO PF_SHORT_RGB depth/stencil support: D0S0 D0S1 D0S4 D0S8 D0S16 D16S0 D24S0 D32S0 Packed-D24S8 
23:45:21: [GL] : Valid FBO targets PF_UNKNOWN PF_L8 PF_L16 PF_A8 PF_A1R5G5B5 PF_R8G8B8 PF_B8G8R8 PF_A8R8G8B8 PF_B8G8R8A8 PF_A2R10G10B10 PF_A2B10G10R10 PF_FLOAT16_RGB PF_FLOAT16_RGBA PF_FLOAT32_RGB PF_FLOAT32_RGBA PF_X8R8G8B8 PF_X8B8G8R8 PF_SHORT_RGBA PF_FLOAT16_R PF_FLOAT32_R PF_SHORT_RGB 
23:45:21: RenderSystem capabilities
23:45:21: -------------------------
23:45:21: RenderSystem Name: OpenGL Rendering Subsystem
23:45:21: GPU Vendor: unknown
23:45:21: Device Name: Gallium 0.4 on NV86
23:45:21: Driver Version: 2.1.0.0
23:45:21:  * Fixed function pipeline: yes
23:45:21:  * Hardware generation of mipmaps: yes
23:45:21:  * Texture blending: yes
23:45:21:  * Anisotropic texture filtering: yes
23:45:21:  * Dot product texture operation: yes
23:45:21:  * Cube mapping: yes
23:45:21:  * Hardware stencil buffer: yes
23:45:21:    - Stencil depth: 8
23:45:21:    - Two sided stencil support: yes
23:45:21:    - Wrap stencil values: yes
23:45:21:  * Hardware vertex / index buffers: yes
23:45:21:  * Vertex programs: yes
23:45:21:  * Number of floating-point constants for vertex programs: 4096
23:45:21:  * Number of integer constants for vertex programs: 0
23:45:21:  * Number of boolean constants for vertex programs: 0
23:45:21:  * Fragment programs: yes
23:45:21:  * Number of floating-point constants for fragment programs: 4096
23:45:21:  * Number of integer constants for fragment programs: 0
23:45:21:  * Number of boolean constants for fragment programs: 0
23:45:21:  * Geometry programs: no
23:45:21:  * Number of floating-point constants for geometry programs: 0
23:45:21:  * Number of integer constants for geometry programs: 0
23:45:21:  * Number of boolean constants for geometry programs: 0
23:45:21:  * Supported Shader Profiles: arbfp1 arbvp1 glsl
23:45:21:  * Texture Compression: yes
23:45:21:    - DXT: no
23:45:21:    - VTC: no
23:45:21:    - PVRTC: no
23:45:21:  * Scissor Rectangle: yes
23:45:21:  * Hardware Occlusion Query: yes
23:45:21:  * User clip planes: yes
23:45:21:  * VET_UBYTE4 vertex element type: yes
23:45:21:  * Infinite far plane projection: yes
23:45:21:  * Hardware render-to-texture: yes
23:45:21:  * Floating point textures: yes
23:45:21:  * Non-power-of-two textures: yes
23:45:21:  * Volume textures: yes
23:45:21:  * Multiple Render Targets: 8
23:45:21:    - With different bit depths: yes
23:45:21:  * Point Sprites: yes
23:45:21:  * Extended point parameters: yes
23:45:21:  * Max Point Size: 64
23:45:21:  * Vertex texture fetch: yes
23:45:21:  * Number of world matrices: 0
23:45:21:  * Number of texture units: 16
23:45:21:  * Stencil buffer depth: 8
23:45:21:  * Number of vertex blend matrices: 0
23:45:21:    - Max vertex textures: 16
23:45:21:    - Vertex textures shared: yes
23:45:21:  * Render to Vertex Buffer : no
23:45:21:  * GL 1.5 without VBO workaround: no
23:45:21:  * Frame Buffer objects: yes
23:45:21:  * Frame Buffer objects (ARB extension): no
23:45:21:  * Frame Buffer objects (ATI extension): no
23:45:21:  * PBuffer support: yes
23:45:21:  * GL 1.5 without HW-occlusion workaround: no
23:45:21: Registering ResourceManager for type Texture
23:45:21: DefaultWorkQueue('Root') initialising on thread 0x353a320.
23:45:21: DefaultWorkQueue('Root')::WorkerFunc - thread 0x3aa6bb0 starting.
23:45:21: DefaultWorkQueue('Root')::WorkerFunc - thread 0x3a57380 starting.
23:45:21: DefaultWorkQueue('Root')::WorkerFunc - thread 0x3a576d0 starting.
23:45:21: DefaultWorkQueue('Root')::WorkerFunc - thread 0x3aa6f50 starting.
23:45:21: Particle Renderer Type 'billboard' registered
23:45:21: SceneManagerFactory for type 'OctreeSceneManager' registered.
23:45:21: SceneManagerFactory for type 'TerrainSceneManager' registered.
23:45:21: Parsing scripts for resource group Autodetect
23:45:21: Finished parsing scripts for resource group Autodetect
23:45:21: Parsing scripts for resource group General
23:45:21: Finished parsing scripts for resource group General
23:45:21: Parsing scripts for resource group Internal
23:45:21: Finished parsing scripts for resource group Internal
23:45:21: Parsing scripts for resource group rviz
23:45:21: Parsing script point_cloud_sprite.program
23:45:21: Parsing script depth.program
23:45:21: Parsing script point_cloud_billboard.program
23:45:22: Parsing script passthrough.program
23:45:22: Parsing script point_cloud_point.program
23:45:22: Parsing script point_cloud_box.program
23:45:22: Parsing script point_cloud_billboard.material
23:45:22: Parsing script point_cloud_point.material
23:45:22: Parsing script point_cloud_box.material
23:45:22: Parsing script arial.fontdef
23:45:22: Finished parsing scripts for resource group rviz
23:45:22: GLRenderSystem::_createRenderWindow "OgreWindow(1)", 100x30 windowed  miscParams: externalGLControl= macAPI=carbon parentWindowHandle=62914606 
23:45:22: GLXWindow::create used FBConfigID = 246
23:45:22: Mesh: Loading rviz_sphere.mesh.
23:45:22: WARNING: rviz_sphere.mesh is an older format ([MeshSerializer_v1.40]); you should upgrade it as soon as possible using the OgreMeshUpgrade tool.
23:45:22: Mesh: Loading rviz_cylinder.mesh.
23:45:22: WARNING: rviz_cylinder.mesh is an older format ([MeshSerializer_v1.40]); you should upgrade it as soon as possible using the OgreMeshUpgrade tool.
23:45:22: Mesh: Loading rviz_cone.mesh.
23:45:22: WARNING: rviz_cone.mesh is an older format ([MeshSerializer_v1.40]); you should upgrade it as soon as possible using the OgreMeshUpgrade tool.
23:45:22: Texture: SelectionRect0Texture: Loading 1 faces(PF_R8G8B8A8,1x1x1) with  hardware generated mipmaps from Image. Internal format is PF_A8R8G8B8,1x1x1.
23:45:22: Texture: SelectionManagerFallbackMaterialPickTexture: Loading 1 faces(PF_R8G8B8,1x1x1) with  hardware generated mipmaps from Image. Internal format is PF_X8R8G8B8,1x1x1.
